<?xml version="1.0" encoding="UTF-8"?>
<testng-results skipped="0" failed="0" total="1" passed="1">
  <reporter-output>
  </reporter-output>
  <suite name="Default suite" duration-ms="16" started-at="2016-04-04T17:59:58Z" finished-at="2016-04-04T17:59:58Z">
    <groups>
    </groups>
    <test name="Default test" duration-ms="16" started-at="2016-04-04T17:59:58Z" finished-at="2016-04-04T17:59:58Z">
      <class name="com.hackerrank.practice.test.TextDollarTest">
        <test-method status="PASS" signature="f()[pri:0, instance:com.hackerrank.practice.test.TextDollarTest@5a42bbf4]" name="f" duration-ms="16" started-at="2016-04-04T23:29:58Z" finished-at="2016-04-04T23:29:58Z">
          <reporter-output>
          </reporter-output>
        </test-method> <!-- f -->
      </class> <!-- com.hackerrank.practice.test.TextDollarTest -->
    </test> <!-- Default test -->
  </suite> <!-- Default suite -->
</testng-results>
